# JRE version: OpenJDK Runtime Environment (8.0_162-b12) (build 1.8.0_162-8u162-b12-1~deb9u1-b12)
# Java VM: OpenJDK 64-Bit Server VM (25.162-b12 mixed mode linux-amd64 compressed oops)
Heap:
 def new generation   total 235968K, used 100440K [0x00000000d0000000, 0x00000000e0000000, 0x00000000e0000000)
  eden space 209792K,  41% used [0x00000000d0000000, 0x00000000d541ce90, 0x00000000dcce0000)
  from space 26176K,  54% used [0x00000000de670000, 0x00000000df469430, 0x00000000e0000000)
  to   space 26176K,   0% used [0x00000000dcce0000, 0x00000000dcce0000, 0x00000000de670000)
 tenured generation   total 524288K, used 126455K [0x00000000e0000000, 0x0000000100000000, 0x0000000100000000)
   the space 524288K,  24% used [0x00000000e0000000, 0x00000000e7b7dea0, 0x00000000e7b7e000, 0x0000000100000000)
 Metaspace       used 71051K, capacity 76138K, committed 76376K, reserved 1114112K
  class space    used 9374K, capacity 10855K, committed 10880K, reserved 1048576K
GC Heap History (10 events):
Event: 759.488 GC heap before
{Heap before GC invocations=35 (full 3):
 def new generation   total 235968K, used 221123K [0x00000000d0000000, 0x00000000e0000000, 0x00000000e0000000)
  eden space 209792K, 100% used [0x00000000d0000000, 0x00000000dcce0000, 0x00000000dcce0000)
  from space 26176K,  43% used [0x00000000dcce0000, 0x00000000dd7f0c48, 0x00000000de670000)
  to   space 26176K,   0% used [0x00000000de670000, 0x00000000de670000, 0x00000000e0000000)
 tenured generation   total 524288K, used 123418K [0x00000000e0000000, 0x0000000100000000, 0x0000000100000000)
   the space 524288K,  23% used [0x00000000e0000000, 0x00000000e7886ba0, 0x00000000e7886c00, 0x0000000100000000)
 Metaspace       used 70003K, capacity 74842K, committed 75096K, reserved 1114112K
  class space    used 9186K, capacity 10530K, committed 10624K, reserved 1048576K
Event: 759.529 GC heap after
Heap after GC invocations=36 (full 3):
 def new generation   total 235968K, used 12567K [0x00000000d0000000, 0x00000000e0000000, 0x00000000e0000000)
  eden space 209792K,   0% used [0x00000000d0000000, 0x00000000d0000000, 0x00000000dcce0000)
  from space 26176K,  48% used [0x00000000de670000, 0x00000000df2b5da8, 0x00000000e0000000)
  to   space 26176K,   0% used [0x00000000dcce0000, 0x00000000dcce0000, 0x00000000de670000)
 tenured generation   total 524288K, used 123418K [0x00000000e0000000, 0x0000000100000000, 0x0000000100000000)
   the space 524288K,  23% used [0x00000000e0000000, 0x00000000e7886ba0, 0x00000000e7886c00, 0x0000000100000000)
 Metaspace       used 70003K, capacity 74842K, committed 75096K, reserved 1114112K
  class space    used 9186K, capacity 10530K, committed 10624K, reserved 1048576K
}
Event: 769.094 GC heap before
{Heap before GC invocations=36 (full 3):
 def new generation   total 235968K, used 222359K [0x00000000d0000000, 0x00000000e0000000, 0x00000000e0000000)
  eden space 209792K, 100% used [0x00000000d0000000, 0x00000000dcce0000, 0x00000000dcce0000)
  from space 26176K,  48% used [0x00000000de670000, 0x00000000df2b5da8, 0x00000000e0000000)
  to   space 26176K,   0% used [0x00000000dcce0000, 0x00000000dcce0000, 0x00000000de670000)
 tenured generation   total 524288K, used 123418K [0x00000000e0000000, 0x0000000100000000, 0x0000000100000000)
   the space 524288K,  23% used [0x00000000e0000000, 0x00000000e7886ba0, 0x00000000e7886c00, 0x0000000100000000)
 Metaspace       used 70188K, capacity 75040K, committed 75352K, reserved 1114112K
  class space    used 9188K, capacity 10531K, committed 10624K, reserved 1048576K
Event: 769.144 GC heap after
Heap after GC invocations=37 (full 3):
 def new generation   total 235968K, used 13146K [0x00000000d0000000, 0x00000000e0000000, 0x00000000e0000000)
  eden space 209792K,   0% used [0x00000000d0000000, 0x00000000d0000000, 0x00000000dcce0000)
  from space 26176K,  50% used [0x00000000dcce0000, 0x00000000dd9b6b28, 0x00000000de670000)
  to   space 26176K,   0% used [0x00000000de670000, 0x00000000de670000, 0x00000000e0000000)
 tenured generation   total 524288K, used 123418K [0x00000000e0000000, 0x0000000100000000, 0x0000000100000000)
   the space 524288K,  23% used [0x00000000e0000000, 0x00000000e7886ba0, 0x00000000e7886c00, 0x0000000100000000)
 Metaspace       used 70188K, capacity 75040K, committed 75352K, reserved 1114112K
  class space    used 9188K, capacity 10531K, committed 10624K, reserved 1048576K
}
Event: 820.543 GC heap before
{Heap before GC invocations=37 (full 3):
 def new generation   total 235968K, used 222938K [0x00000000d0000000, 0x00000000e0000000, 0x00000000e0000000)
  eden space 209792K, 100% used [0x00000000d0000000, 0x00000000dcce0000, 0x00000000dcce0000)
  from space 26176K,  50% used [0x00000000dcce0000, 0x00000000dd9b6b28, 0x00000000de670000)
  to   space 26176K,   0% used [0x00000000de670000, 0x00000000de670000, 0x00000000e0000000)
 tenured generation   total 524288K, used 123418K [0x00000000e0000000, 0x0000000100000000, 0x0000000100000000)
   the space 524288K,  23% used [0x00000000e0000000, 0x00000000e7886ba0, 0x00000000e7886c00, 0x0000000100000000)
 Metaspace       used 70556K, capacity 75494K, committed 75736K, reserved 1114112K
  class space    used 9266K, capacity 10654K, committed 10752K, reserved 1048576K
Event: 820.600 GC heap after
Heap after GC invocations=38 (full 3):
 def new generation   total 235968K, used 12410K [0x00000000d0000000, 0x00000000e0000000, 0x00000000e0000000)
  eden space 209792K,   0% used [0x00000000d0000000, 0x00000000d0000000, 0x00000000dcce0000)
  from space 26176K,  47% used [0x00000000de670000, 0x00000000df28e878, 0x00000000e0000000)
  to   space 26176K,   0% used [0x00000000dcce0000, 0x00000000dcce0000, 0x00000000de670000)
 tenured generation   total 524288K, used 126455K [0x00000000e0000000, 0x0000000100000000, 0x0000000100000000)
   the space 524288K,  24% used [0x00000000e0000000, 0x00000000e7b7dea0, 0x00000000e7b7e000, 0x0000000100000000)
 Metaspace       used 70556K, capacity 75494K, committed 75736K, reserved 1114112K
  class space    used 9266K, capacity 10654K, committed 10752K, reserved 1048576K
}
Event: 932.821 GC heap before
{Heap before GC invocations=38 (full 3):
 def new generation   total 235968K, used 222202K [0x00000000d0000000, 0x00000000e0000000, 0x00000000e0000000)
  eden space 209792K, 100% used [0x00000000d0000000, 0x00000000dcce0000, 0x00000000dcce0000)
  from space 26176K,  47% used [0x00000000de670000, 0x00000000df28e878, 0x00000000e0000000)
  to   space 26176K,   0% used [0x00000000dcce0000, 0x00000000dcce0000, 0x00000000de670000)
 tenured generation   total 524288K, used 126455K [0x00000000e0000000, 0x0000000100000000, 0x0000000100000000)
   the space 524288K,  24% used [0x00000000e0000000, 0x00000000e7b7dea0, 0x00000000e7b7e000, 0x0000000100000000)
 Metaspace       used 70578K, capacity 75542K, committed 75736K, reserved 1114112K
  class space    used 9270K, capacity 10662K, committed 10752K, reserved 1048576K
Event: 932.862 GC heap after
Heap after GC invocations=39 (full 3):
 def new generation   total 235968K, used 12768K [0x00000000d0000000, 0x00000000e0000000, 0x00000000e0000000)
  eden space 209792K,   0% used [0x00000000d0000000, 0x00000000d0000000, 0x00000000dcce0000)
  from space 26176K,  48% used [0x00000000dcce0000, 0x00000000dd9581a0, 0x00000000de670000)
  to   space 26176K,   0% used [0x00000000de670000, 0x00000000de670000, 0x00000000e0000000)
 tenured generation   total 524288K, used 126455K [0x00000000e0000000, 0x0000000100000000, 0x0000000100000000)
   the space 524288K,  24% used [0x00000000e0000000, 0x00000000e7b7dea0, 0x00000000e7b7e000, 0x0000000100000000)
 Metaspace       used 70578K, capacity 75542K, committed 75736K, reserved 1114112K
  class space    used 9270K, capacity 10662K, committed 10752K, reserved 1048576K
}
Event: 939.947 GC heap before
{Heap before GC invocations=39 (full 3):
 def new generation   total 235968K, used 222560K [0x00000000d0000000, 0x00000000e0000000, 0x00000000e0000000)
  eden space 209792K, 100% used [0x00000000d0000000, 0x00000000dcce0000, 0x00000000dcce0000)
  from space 26176K,  48% used [0x00000000dcce0000, 0x00000000dd9581a0, 0x00000000de670000)
  to   space 26176K,   0% used [0x00000000de670000, 0x00000000de670000, 0x00000000e0000000)
 tenured generation   total 524288K, used 126455K [0x00000000e0000000, 0x0000000100000000, 0x0000000100000000)
   the space 524288K,  24% used [0x00000000e0000000, 0x00000000e7b7dea0, 0x00000000e7b7e000, 0x0000000100000000)
 Metaspace       used 70844K, capacity 75922K, committed 76120K, reserved 1114112K
  class space    used 9325K, capacity 10808K, committed 10880K, reserved 1048576K
Event: 939.994 GC heap after
Heap after GC invocations=40 (full 3):
 def new generation   total 235968K, used 14309K [0x00000000d0000000, 0x00000000e0000000, 0x00000000e0000000)
  eden space 209792K,   0% used [0x00000000d0000000, 0x00000000d0000000, 0x00000000dcce0000)
  from space 26176K,  54% used [0x00000000de670000, 0x00000000df469430, 0x00000000e0000000)
  to   space 26176K,   0% used [0x00000000dcce0000, 0x00000000dcce0000, 0x00000000de670000)
 tenured generation   total 524288K, used 126455K [0x00000000e0000000, 0x0000000100000000, 0x0000000100000000)
   the space 524288K,  24% used [0x00000000e0000000, 0x00000000e7b7dea0, 0x00000000e7b7e000, 0x0000000100000000)
 Metaspace       used 70844K, capacity 75922K, committed 76120K, reserved 1114112K
  class space    used 9325K, capacity 10808K, committed 10880K, reserved 1048576K
}

