# JRE version: OpenJDK Runtime Environment (8.0_162-b12) (build 1.8.0_162-8u162-b12-1~deb9u1-b12)
# Java VM: OpenJDK 64-Bit Server VM (25.162-b12 mixed mode linux-amd64 compressed oops)
Heap:
 def new generation   total 235968K, used 212171K [0x00000000d0000000, 0x00000000e0000000, 0x00000000e0000000)
  eden space 209792K,  96% used [0x00000000d0000000, 0x00000000dc5729e8, 0x00000000dcce0000)
  from space 26176K,  38% used [0x00000000dcce0000, 0x00000000dd6a0318, 0x00000000de670000)
  to   space 26176K,   0% used [0x00000000de670000, 0x00000000de670000, 0x00000000e0000000)
 tenured generation   total 524288K, used 102783K [0x00000000e0000000, 0x0000000100000000, 0x0000000100000000)
   the space 524288K,  19% used [0x00000000e0000000, 0x00000000e645fcf0, 0x00000000e645fe00, 0x0000000100000000)
 Metaspace       used 65933K, capacity 68470K, committed 68696K, reserved 1110016K
  class space    used 8291K, capacity 9036K, committed 9088K, reserved 1048576K
GC Heap History (10 events):
Event: 20.200 GC heap before
{Heap before GC invocations=20 (full 2):
 def new generation   total 235968K, used 228249K [0x00000000d0000000, 0x00000000e0000000, 0x00000000e0000000)
  eden space 209792K, 100% used [0x00000000d0000000, 0x00000000dcce0000, 0x00000000dcce0000)
  from space 26176K,  70% used [0x00000000dcce0000, 0x00000000ddee64a0, 0x00000000de670000)
  to   space 26176K,   0% used [0x00000000de670000, 0x00000000de670000, 0x00000000e0000000)
 tenured generation   total 524288K, used 69669K [0x00000000e0000000, 0x0000000100000000, 0x0000000100000000)
   the space 524288K,  13% used [0x00000000e0000000, 0x00000000e4409688, 0x00000000e4409800, 0x0000000100000000)
 Metaspace       used 57460K, capacity 58534K, committed 58712K, reserved 1101824K
  class space    used 6964K, capacity 7228K, committed 7296K, reserved 1048576K
Event: 20.261 GC heap after
Heap after GC invocations=21 (full 2):
 def new generation   total 235968K, used 15259K [0x00000000d0000000, 0x00000000e0000000, 0x00000000e0000000)
  eden space 209792K,   0% used [0x00000000d0000000, 0x00000000d0000000, 0x00000000dcce0000)
  from space 26176K,  58% used [0x00000000de670000, 0x00000000df556fb8, 0x00000000e0000000)
  to   space 26176K,   0% used [0x00000000dcce0000, 0x00000000dcce0000, 0x00000000de670000)
 tenured generation   total 524288K, used 76251K [0x00000000e0000000, 0x0000000100000000, 0x0000000100000000)
   the space 524288K,  14% used [0x00000000e0000000, 0x00000000e4a76ec0, 0x00000000e4a77000, 0x0000000100000000)
 Metaspace       used 57460K, capacity 58534K, committed 58712K, reserved 1101824K
  class space    used 6964K, capacity 7228K, committed 7296K, reserved 1048576K
}
Event: 20.329 GC heap before
{Heap before GC invocations=21 (full 2):
 def new generation   total 235968K, used 31351K [0x00000000d0000000, 0x00000000e0000000, 0x00000000e0000000)
  eden space 209792K,   7% used [0x00000000d0000000, 0x00000000d0fb6ce0, 0x00000000dcce0000)
  from space 26176K,  58% used [0x00000000de670000, 0x00000000df556fb8, 0x00000000e0000000)
  to   space 26176K,   0% used [0x00000000dcce0000, 0x00000000dcce0000, 0x00000000de670000)
 tenured generation   total 524288K, used 76251K [0x00000000e0000000, 0x0000000100000000, 0x0000000100000000)
   the space 524288K,  14% used [0x00000000e0000000, 0x00000000e4a76ec0, 0x00000000e4a77000, 0x0000000100000000)
 Metaspace       used 57835K, capacity 58906K, committed 58968K, reserved 1101824K
  class space    used 7001K, capacity 7267K, committed 7296K, reserved 1048576K
Event: 20.605 GC heap after
Heap after GC invocations=22 (full 3):
 def new generation   total 235968K, used 0K [0x00000000d0000000, 0x00000000e0000000, 0x00000000e0000000)
  eden space 209792K,   0% used [0x00000000d0000000, 0x00000000d0000000, 0x00000000dcce0000)
  from space 26176K,   0% used [0x00000000de670000, 0x00000000de670000, 0x00000000e0000000)
  to   space 26176K,   0% used [0x00000000dcce0000, 0x00000000dcce0000, 0x00000000de670000)
 tenured generation   total 524288K, used 91294K [0x00000000e0000000, 0x0000000100000000, 0x0000000100000000)
   the space 524288K,  17% used [0x00000000e0000000, 0x00000000e5927840, 0x00000000e5927a00, 0x0000000100000000)
 Metaspace       used 57835K, capacity 58906K, committed 58968K, reserved 1101824K
  class space    used 7001K, capacity 7267K, committed 7296K, reserved 1048576K
}
Event: 52.745 GC heap before
{Heap before GC invocations=22 (full 3):
 def new generation   total 235968K, used 209792K [0x00000000d0000000, 0x00000000e0000000, 0x00000000e0000000)
  eden space 209792K, 100% used [0x00000000d0000000, 0x00000000dcce0000, 0x00000000dcce0000)
  from space 26176K,   0% used [0x00000000de670000, 0x00000000de670000, 0x00000000e0000000)
  to   space 26176K,   0% used [0x00000000dcce0000, 0x00000000dcce0000, 0x00000000de670000)
 tenured generation   total 524288K, used 91294K [0x00000000e0000000, 0x0000000100000000, 0x0000000100000000)
   the space 524288K,  17% used [0x00000000e0000000, 0x00000000e5927840, 0x00000000e5927a00, 0x0000000100000000)
 Metaspace       used 61447K, capacity 62724K, committed 62808K, reserved 1103872K
  class space    used 7457K, capacity 7799K, committed 7808K, reserved 1048576K
Event: 52.812 GC heap after
Heap after GC invocations=23 (full 3):
 def new generation   total 235968K, used 14345K [0x00000000d0000000, 0x00000000e0000000, 0x00000000e0000000)
  eden space 209792K,   0% used [0x00000000d0000000, 0x00000000d0000000, 0x00000000dcce0000)
  from space 26176K,  54% used [0x00000000dcce0000, 0x00000000ddae2610, 0x00000000de670000)
  to   space 26176K,   0% used [0x00000000de670000, 0x00000000de670000, 0x00000000e0000000)
 tenured generation   total 524288K, used 91294K [0x00000000e0000000, 0x0000000100000000, 0x0000000100000000)
   the space 524288K,  17% used [0x00000000e0000000, 0x00000000e5927840, 0x00000000e5927a00, 0x0000000100000000)
 Metaspace       used 61447K, capacity 62724K, committed 62808K, reserved 1103872K
  class space    used 7457K, capacity 7799K, committed 7808K, reserved 1048576K
}
Event: 54.273 GC heap before
{Heap before GC invocations=23 (full 3):
 def new generation   total 235968K, used 224137K [0x00000000d0000000, 0x00000000e0000000, 0x00000000e0000000)
  eden space 209792K, 100% used [0x00000000d0000000, 0x00000000dcce0000, 0x00000000dcce0000)
  from space 26176K,  54% used [0x00000000dcce0000, 0x00000000ddae2610, 0x00000000de670000)
  to   space 26176K,   0% used [0x00000000de670000, 0x00000000de670000, 0x00000000e0000000)
 tenured generation   total 524288K, used 91294K [0x00000000e0000000, 0x0000000100000000, 0x0000000100000000)
   the space 524288K,  17% used [0x00000000e0000000, 0x00000000e5927840, 0x00000000e5927a00, 0x0000000100000000)
 Metaspace       used 62561K, capacity 64162K, committed 64216K, reserved 1105920K
  class space    used 7684K, capacity 8169K, committed 8192K, reserved 1048576K
Event: 54.320 GC heap after
Heap after GC invocations=24 (full 3):
 def new generation   total 235968K, used 3817K [0x00000000d0000000, 0x00000000e0000000, 0x00000000e0000000)
  eden space 209792K,   0% used [0x00000000d0000000, 0x00000000d0000000, 0x00000000dcce0000)
  from space 26176K,  14% used [0x00000000de670000, 0x00000000dea2a530, 0x00000000e0000000)
  to   space 26176K,   0% used [0x00000000dcce0000, 0x00000000dcce0000, 0x00000000de670000)
 tenured generation   total 524288K, used 102783K [0x00000000e0000000, 0x0000000100000000, 0x0000000100000000)
   the space 524288K,  19% used [0x00000000e0000000, 0x00000000e645fcf0, 0x00000000e645fe00, 0x0000000100000000)
 Metaspace       used 62561K, capacity 64162K, committed 64216K, reserved 1105920K
  class space    used 7684K, capacity 8169K, committed 8192K, reserved 1048576K
}
Event: 57.192 GC heap before
{Heap before GC invocations=24 (full 3):
 def new generation   total 235968K, used 213609K [0x00000000d0000000, 0x00000000e0000000, 0x00000000e0000000)
  eden space 209792K, 100% used [0x00000000d0000000, 0x00000000dcce0000, 0x00000000dcce0000)
  from space 26176K,  14% used [0x00000000de670000, 0x00000000dea2a530, 0x00000000e0000000)
  to   space 26176K,   0% used [0x00000000dcce0000, 0x00000000dcce0000, 0x00000000de670000)
 tenured generation   total 524288K, used 102783K [0x00000000e0000000, 0x0000000100000000, 0x0000000100000000)
   the space 524288K,  19% used [0x00000000e0000000, 0x00000000e645fcf0, 0x00000000e645fe00, 0x0000000100000000)
 Metaspace       used 64153K, capacity 66176K, committed 66264K, reserved 1107968K
  class space    used 7986K, capacity 8635K, committed 8704K, reserved 1048576K
Event: 57.223 GC heap after
Heap after GC invocations=25 (full 3):
 def new generation   total 235968K, used 9984K [0x00000000d0000000, 0x00000000e0000000, 0x00000000e0000000)
  eden space 209792K,   0% used [0x00000000d0000000, 0x00000000d0000000, 0x00000000dcce0000)
  from space 26176K,  38% used [0x00000000dcce0000, 0x00000000dd6a0318, 0x00000000de670000)
  to   space 26176K,   0% used [0x00000000de670000, 0x00000000de670000, 0x00000000e0000000)
 tenured generation   total 524288K, used 102783K [0x00000000e0000000, 0x0000000100000000, 0x0000000100000000)
   the space 524288K,  19% used [0x00000000e0000000, 0x00000000e645fcf0, 0x00000000e645fe00, 0x0000000100000000)
 Metaspace       used 64153K, capacity 66176K, committed 66264K, reserved 1107968K
  class space    used 7986K, capacity 8635K, committed 8704K, reserved 1048576K
}

